<?xml version="1.0" encoding="UTF-8" ?>
<testsuite tests="5" failures="0" name="org.elasticsearch.jdbc.ElasticDriverTest" time="5.131" errors="0" skipped="0">
  <properties>
    <property name="java.runtime.name" value="Java(TM) SE Runtime Environment"/>
    <property name="sun.boot.library.path" value="E:\dev\Java\jdk1.8.0_66\jre\bin"/>
    <property name="java.vm.version" value="25.66-b18"/>
    <property name="java.vm.vendor" value="Oracle Corporation"/>
    <property name="maven.multiModuleProjectDirectory" value="E:/dev/work/elasticsearch-query-toolkit"/>
    <property name="java.vendor.url" value="http://java.oracle.com/"/>
    <property name="path.separator" value=";"/>
    <property name="guice.disable.misplaced.annotation.check" value="true"/>
    <property name="java.vm.name" value="Java HotSpot(TM) 64-Bit Server VM"/>
    <property name="file.encoding.pkg" value="sun.io"/>
    <property name="user.script" value=""/>
    <property name="user.country" value="CN"/>
    <property name="sun.java.launcher" value="SUN_STANDARD"/>
    <property name="sun.os.patch.level" value="Service Pack 1"/>
    <property name="java.vm.specification.name" value="Java Virtual Machine Specification"/>
    <property name="user.dir" value="E:\dev\work\elasticsearch-query-toolkit"/>
    <property name="java.runtime.version" value="1.8.0_66-b18"/>
    <property name="java.awt.graphicsenv" value="sun.awt.Win32GraphicsEnvironment"/>
    <property name="java.endorsed.dirs" value="E:\dev\Java\jdk1.8.0_66\jre\lib\endorsed"/>
    <property name="os.arch" value="amd64"/>
    <property name="java.io.tmpdir" value="C:\Users\chennan\AppData\Local\Temp\"/>
    <property name="line.separator" value="
"/>
    <property name="java.vm.specification.vendor" value="Oracle Corporation"/>
    <property name="user.variant" value=""/>
    <property name="os.name" value="Windows 7"/>
    <property name="classworlds.conf" value="E:/dev/apache-maven-3.3.9/bin/m2.conf"/>
    <property name="sun.jnu.encoding" value="GBK"/>
    <property name="java.library.path" value="E:\dev\Java\jdk1.8.0_66\bin;C:\Windows\Sun\Java\bin;C:\Windows\system32;C:\Windows;C:\Users\chennan\bin;E:\dev\Git\mingw64\bin;E:\dev\Git\usr\local\bin;E:\dev\Git\usr\bin;E:\dev\Git\usr\bin;E:\dev\Git\mingw64\bin;E:\dev\Git\usr\bin;C:\ProgramData\Oracle\Java\javapath;C:\Program Files (x86)\NVIDIA Corporation\PhysX\Common;C:\Windows\system32;C:\Windows;C:\Windows\System32\Wbem;C:\Windows\System32\WindowsPowerShell\v1.0;C:\Program Files (x86)\Intel\OpenCL SDK\2.0\bin\x86;C:\Program Files (x86)\Intel\OpenCL SDK\2.0\bin\x64;E:\dev\Java\jdk1.8.0_66\bin;E:\dev\apache-maven-3.3.9\bin;E:\dev\Git\cmd;E:\dev\Git\usr\bin;E:\dev\TortoiseGit\bin;E:\dev\mysql\MySQL\MySQL Server 5.5\bin;E:\dev\apache-jmeter-2.13\apache-jmeter-2.13\bin;C:\Program Files (x86)\Intel\OpenCL SDK\2.0\bin\x86;C:\Program Files (x86)\Intel\OpenCL SDK\2.0\bin\x64;D:\software\ssh\SSHSecureShellClient-3.2.9;E:\dev\apache-groovy-sdk-2.4.7\groovy-2.4.7\bin;E:\dev\Git\usr\bin\vendor_perl;E:\dev\Git\usr\bin\core_perl;."/>
    <property name="java.specification.name" value="Java Platform API Specification"/>
    <property name="java.class.version" value="52.0"/>
    <property name="sun.management.compiler" value="HotSpot 64-Bit Tiered Compilers"/>
    <property name="os.version" value="6.1"/>
    <property name="user.home" value="C:\Users\chennan"/>
    <property name="user.timezone" value="Asia/Shanghai"/>
    <property name="java.awt.printerjob" value="sun.awt.windows.WPrinterJob"/>
    <property name="java.specification.version" value="1.8"/>
    <property name="file.encoding" value="GBK"/>
    <property name="user.name" value="chennan"/>
    <property name="java.class.path" value="E:/dev/apache-maven-3.3.9/boot/plexus-classworlds-2.5.2.jar"/>
    <property name="java.vm.specification.version" value="1.8"/>
    <property name="sun.arch.data.model" value="64"/>
    <property name="java.home" value="E:\dev\Java\jdk1.8.0_66\jre"/>
    <property name="sun.java.command" value="org.codehaus.plexus.classworlds.launcher.Launcher clean test"/>
    <property name="java.specification.vendor" value="Oracle Corporation"/>
    <property name="user.language" value="zh"/>
    <property name="awt.toolkit" value="sun.awt.windows.WToolkit"/>
    <property name="java.vm.info" value="mixed mode"/>
    <property name="java.version" value="1.8.0_66"/>
    <property name="java.ext.dirs" value="E:\dev\Java\jdk1.8.0_66\jre\lib\ext;C:\Windows\Sun\Java\lib\ext"/>
    <property name="sun.boot.class.path" value="E:\dev\Java\jdk1.8.0_66\jre\lib\resources.jar;E:\dev\Java\jdk1.8.0_66\jre\lib\rt.jar;E:\dev\Java\jdk1.8.0_66\jre\lib\sunrsasign.jar;E:\dev\Java\jdk1.8.0_66\jre\lib\jsse.jar;E:\dev\Java\jdk1.8.0_66\jre\lib\jce.jar;E:\dev\Java\jdk1.8.0_66\jre\lib\charsets.jar;E:\dev\Java\jdk1.8.0_66\jre\lib\jfr.jar;E:\dev\Java\jdk1.8.0_66\jre\classes"/>
    <property name="java.vendor" value="Oracle Corporation"/>
    <property name="maven.home" value="E:\dev\apache-maven-3.3.9"/>
    <property name="file.separator" value="\"/>
    <property name="java.vendor.url.bug" value="http://bugreport.sun.com/bugreport/"/>
    <property name="sun.cpu.endian" value="little"/>
    <property name="sun.io.unicode.encoding" value="UnicodeLittle"/>
    <property name="sun.desktop" value="windows"/>
    <property name="sun.cpu.isalist" value="amd64"/>
  </properties>
  <testcase classname="org.elasticsearch.jdbc.ElasticDriverTest" name="testLoadDriver" time="0.157"/>
  <testcase classname="org.elasticsearch.jdbc.ElasticDriverTest" name="testQuery" time="4.668"/>
  <testcase classname="org.elasticsearch.jdbc.ElasticDriverTest" name="testDataSource" time="0.002"/>
  <testcase classname="org.elasticsearch.jdbc.ElasticDriverTest" name="testGetConnection" time="0"/>
  <testcase classname="org.elasticsearch.jdbc.ElasticDriverTest" name="testQuery2" time="0.045"/>
</testsuite>